2026-06-22 15:33:33,029 [INFO] ==================================================
2026-06-22 15:33:33,030 [INFO] NEPSE Tracker – Scrape Run
2026-06-22 15:33:33,030 [INFO] ==================================================
2026-06-22 15:33:33,030 [INFO] Scraping NepseAlpha …
2026-06-22 15:33:33,137 [WARNING] NepseAlpha scrape failed: 403 Client Error: Forbidden for url: https://nepsealpha.com/nepse-data?page=1&per_page=50
2026-06-22 15:33:33,137 [INFO]   → 0 records from NepseAlpha
2026-06-22 15:33:35,138 [INFO] Scraping ShareSansar …
2026-06-22 15:33:35,797 [INFO]   → 353 records from ShareSansar
2026-06-22 15:33:37,798 [INFO] Scraping Merolagani …
2026-06-22 15:33:40,012 [INFO]   → 100 records from Merolagani
2026-06-22 15:33:40,015 [INFO] Merged → 453 unique stocks
2026-06-22 15:33:40,023 [INFO] Saved JSON → data/data.json
2026-06-22 15:33:40,025 [INFO] Saved CSV  → data/data.csv
2026-06-22 15:33:40,025 [INFO] Done ✓
2026-06-23 12:48:49,821 [INFO] ==================================================
2026-06-23 12:48:49,821 [INFO] NEPSE Tracker – Scrape Run
2026-06-23 12:48:49,821 [INFO] ==================================================
2026-06-23 12:48:49,821 [INFO] Scraping NepseAlpha …
2026-06-23 12:48:50,005 [WARNING] NepseAlpha scrape failed: 403 Client Error: Forbidden for url: https://nepsealpha.com/nepse-data?page=1&per_page=50
2026-06-23 12:48:50,005 [INFO]   → 0 records from NepseAlpha
2026-06-23 12:48:52,006 [INFO] Scraping ShareSansar …
2026-06-23 12:48:53,199 [INFO]   → 353 records from ShareSansar
2026-06-23 12:48:55,200 [INFO] Scraping Merolagani …
2026-06-23 12:48:57,303 [INFO]   → 100 records from Merolagani
2026-06-23 12:48:57,306 [INFO] Merged → 453 unique stocks
2026-06-23 12:48:57,315 [INFO] Saved JSON → data/data.json
2026-06-23 12:48:57,316 [INFO] Saved CSV  → data/data.csv
2026-06-23 12:48:57,316 [INFO] Done ✓
